1735715244871:ping
1735715250911:ping test
1735715283822:ping
1735715287386:ping aryak
1735715311302:png
1735715313069:ping
1735715361956:pingArg
1735715370550:pingarg
1735715543367:ping
1735715545189:date
1735715694842:ping
1735715974372:date
1735715991195:date /etc/test /opt/syste
1735716035057:cpfile
1735716053054:cpfile /etc/system/test /Desktop/test.html
1735716290920:cpfile "/Users/aryak/Desktop/Unix 2/Hotel.txt" /Users/aryak/Desktop
1735716384336:cpfile "/Users/aryak/Desktop/Unix 2/Hotel.txt" "/Users/aryak/Desktop"
1735718199646:lpush products eggs
1735718228214:lpush products laptop
1735718308411:lpush products eggs
1735718318168:lpush products milk
1735718876461:lpush products eggs
1735718884476:lpush products milk
1735718888989:show products
1735718897727:rpop products
1735718922786:show products
1735720866244:date
1735720883739:ping
1735720966055:cp
1735721568050:exit
1735721605917:ping
1735721608674:date
1735721620369:lpush products milk
1735721626925:lpush
1735721634885:lpush products eggs
1735721638962:show products
1735721643514:rpop products
1735721647494:show products
1735721651988:llen products
1735721859624:cp "/Users/aryak/Desktop/Unix 2/Hotel.txt" "/Users/aryak/Desktop"
